{"/home/kali/Documents/ObraReportAPI/src/adapters/argelorProvider.js": {"path":"/home/kali/Documents/ObraReportAPI/src/adapters/argelorProvider.js","statementMap":{"0":{"start":{"line":1,"column":0},"end":{"line":1,"column":27}},"1":{"start":{"line":2,"column":14},"end":{"line":2,"column":35}},"2":{"start":{"line":4,"column":20},"end":{"line":4,"column":79}},"3":{"start":{"line":7,"column":2},"end":{"line":9,"column":3}},"4":{"start":{"line":8,"column":4},"end":{"line":8,"column":60}},"5":{"start":{"line":11,"column":19},"end":{"line":21,"column":4}},"6":{"start":{"line":23,"column":2},"end":{"line":26,"column":3}},"7":{"start":{"line":24,"column":20},"end":{"line":24,"column":41}},"8":{"start":{"line":25,"column":4},"end":{"line":25,"column":84}},"9":{"start":{"line":29,"column":15},"end":{"line":29,"column":36}},"10":{"start":{"line":30,"column":2},"end":{"line":34,"column":4}},"11":{"start":{"line":38,"column":2},"end":{"line":40,"column":3}},"12":{"start":{"line":39,"column":4},"end":{"line":39,"column":60}},"13":{"start":{"line":42,"column":19},"end":{"line":52,"column":4}},"14":{"start":{"line":54,"column":2},"end":{"line":57,"column":3}},"15":{"start":{"line":55,"column":20},"end":{"line":55,"column":41}},"16":{"start":{"line":56,"column":4},"end":{"line":56,"column":84}},"17":{"start":{"line":59,"column":2},"end":{"line":59,"column":31}},"18":{"start":{"line":64,"column":19},"end":{"line":64,"column":68}},"19":{"start":{"line":65,"column":2},"end":{"line":68,"column":3}},"20":{"start":{"line":66,"column":20},"end":{"line":66,"column":41}},"21":{"start":{"line":67,"column":4},"end":{"line":67,"column":81}},"22":{"start":{"line":70,"column":2},"end":{"line":70,"column":31}},"23":{"start":{"line":73,"column":0},"end":{"line":77,"column":2}}},"fnMap":{"0":{"name":"createReport","decl":{"start":{"line":6,"column":15},"end":{"line":6,"column":27}},"loc":{"start":{"line":6,"column":48},"end":{"line":35,"column":1}},"line":6},"1":{"name":"updateReport","decl":{"start":{"line":37,"column":15},"end":{"line":37,"column":27}},"loc":{"start":{"line":37,"column":48},"end":{"line":61,"column":1}},"line":37},"2":{"name":"getReport","decl":{"start":{"line":63,"column":15},"end":{"line":63,"column":24}},"loc":{"start":{"line":63,"column":29},"end":{"line":71,"column":1}},"line":63}},"branchMap":{"0":{"loc":{"start":{"line":4,"column":20},"end":{"line":4,"column":79}},"type":"binary-expr","locations":[{"start":{"line":4,"column":20},"end":{"line":4,"column":52}},{"start":{"line":4,"column":56},"end":{"line":4,"column":79}}],"line":4},"1":{"loc":{"start":{"line":6,"column":34},"end":{"line":6,"column":46}},"type":"default-arg","locations":[{"start":{"line":6,"column":44},"end":{"line":6,"column":46}}],"line":6},"2":{"loc":{"start":{"line":7,"column":2},"end":{"line":9,"column":3}},"type":"if","locations":[{"start":{"line":7,"column":2},"end":{"line":9,"column":3}},{"start":{},"end":{}}],"line":7},"3":{"loc":{"start":{"line":23,"column":2},"end":{"line":26,"column":3}},"type":"if","locations":[{"start":{"line":23,"column":2},"end":{"line":26,"column":3}},{"start":{},"end":{}}],"line":23},"4":{"loc":{"start":{"line":37,"column":34},"end":{"line":37,"column":46}},"type":"default-arg","locations":[{"start":{"line":37,"column":44},"end":{"line":37,"column":46}}],"line":37},"5":{"loc":{"start":{"line":38,"column":2},"end":{"line":40,"column":3}},"type":"if","locations":[{"start":{"line":38,"column":2},"end":{"line":40,"column":3}},{"start":{},"end":{}}],"line":38},"6":{"loc":{"start":{"line":54,"column":2},"end":{"line":57,"column":3}},"type":"if","locations":[{"start":{"line":54,"column":2},"end":{"line":57,"column":3}},{"start":{},"end":{}}],"line":54},"7":{"loc":{"start":{"line":65,"column":2},"end":{"line":68,"column":3}},"type":"if","locations":[{"start":{"line":65,"column":2},"end":{"line":68,"column":3}},{"start":{},"end":{}}],"line":65}},"s":{"0":3,"1":3,"2":3,"3":2,"4":0,"5":2,"6":2,"7":1,"8":1,"9":1,"10":1,"11":2,"12":0,"13":2,"14":2,"15":1,"16":1,"17":1,"18":2,"19":2,"20":1,"21":1,"22":1,"23":3},"f":{"0":2,"1":2,"2":2},"b":{"0":[3,0],"1":[2],"2":[0,2],"3":[1,1],"4":[2],"5":[0,2],"6":[1,1],"7":[1,1]},"_coverageSchema":"1a1c01bbd47fc00a2c39e90264f33305004495a9","hash":"b07aa6ab6eb2a6baa8ce8b4d0b41d8b91a358ab9"}
,"/home/kali/Documents/ObraReportAPI/src/adapters/vateProvider.js": {"path":"/home/kali/Documents/ObraReportAPI/src/adapters/vateProvider.js","statementMap":{"0":{"start":{"line":1,"column":0},"end":{"line":1,"column":27}},"1":{"start":{"line":2,"column":14},"end":{"line":2,"column":35}},"2":{"start":{"line":4,"column":17},"end":{"line":4,"column":73}},"3":{"start":{"line":8,"column":2},"end":{"line":10,"column":3}},"4":{"start":{"line":9,"column":4},"end":{"line":9,"column":57}},"5":{"start":{"line":12,"column":15},"end":{"line":18,"column":3}},"6":{"start":{"line":20,"column":19},"end":{"line":24,"column":4}},"7":{"start":{"line":26,"column":2},"end":{"line":29,"column":3}},"8":{"start":{"line":27,"column":20},"end":{"line":27,"column":41}},"9":{"start":{"line":28,"column":4},"end":{"line":28,"column":81}},"10":{"start":{"line":31,"column":15},"end":{"line":31,"column":36}},"11":{"start":{"line":32,"column":2},"end":{"line":36,"column":4}},"12":{"start":{"line":40,"column":19},"end":{"line":40,"column":59}},"13":{"start":{"line":41,"column":2},"end":{"line":44,"column":3}},"14":{"start":{"line":42,"column":20},"end":{"line":42,"column":41}},"15":{"start":{"line":43,"column":4},"end":{"line":43,"column":78}},"16":{"start":{"line":46,"column":2},"end":{"line":46,"column":31}},"17":{"start":{"line":50,"column":2},"end":{"line":52,"column":3}},"18":{"start":{"line":51,"column":4},"end":{"line":51,"column":57}},"19":{"start":{"line":54,"column":19},"end":{"line":64,"column":4}},"20":{"start":{"line":66,"column":2},"end":{"line":69,"column":3}},"21":{"start":{"line":67,"column":20},"end":{"line":67,"column":41}},"22":{"start":{"line":68,"column":4},"end":{"line":68,"column":81}},"23":{"start":{"line":71,"column":2},"end":{"line":71,"column":31}},"24":{"start":{"line":74,"column":0},"end":{"line":78,"column":2}}},"fnMap":{"0":{"name":"createReport","decl":{"start":{"line":6,"column":15},"end":{"line":6,"column":27}},"loc":{"start":{"line":6,"column":48},"end":{"line":37,"column":1}},"line":6},"1":{"name":"getReport","decl":{"start":{"line":39,"column":15},"end":{"line":39,"column":24}},"loc":{"start":{"line":39,"column":29},"end":{"line":47,"column":1}},"line":39},"2":{"name":"updateReport","decl":{"start":{"line":49,"column":15},"end":{"line":49,"column":27}},"loc":{"start":{"line":49,"column":48},"end":{"line":72,"column":1}},"line":49}},"branchMap":{"0":{"loc":{"start":{"line":4,"column":17},"end":{"line":4,"column":73}},"type":"binary-expr","locations":[{"start":{"line":4,"column":17},"end":{"line":4,"column":46}},{"start":{"line":4,"column":50},"end":{"line":4,"column":73}}],"line":4},"1":{"loc":{"start":{"line":6,"column":34},"end":{"line":6,"column":46}},"type":"default-arg","locations":[{"start":{"line":6,"column":44},"end":{"line":6,"column":46}}],"line":6},"2":{"loc":{"start":{"line":8,"column":2},"end":{"line":10,"column":3}},"type":"if","locations":[{"start":{"line":8,"column":2},"end":{"line":10,"column":3}},{"start":{},"end":{}}],"line":8},"3":{"loc":{"start":{"line":26,"column":2},"end":{"line":29,"column":3}},"type":"if","locations":[{"start":{"line":26,"column":2},"end":{"line":29,"column":3}},{"start":{},"end":{}}],"line":26},"4":{"loc":{"start":{"line":41,"column":2},"end":{"line":44,"column":3}},"type":"if","locations":[{"start":{"line":41,"column":2},"end":{"line":44,"column":3}},{"start":{},"end":{}}],"line":41},"5":{"loc":{"start":{"line":49,"column":34},"end":{"line":49,"column":46}},"type":"default-arg","locations":[{"start":{"line":49,"column":44},"end":{"line":49,"column":46}}],"line":49},"6":{"loc":{"start":{"line":50,"column":2},"end":{"line":52,"column":3}},"type":"if","locations":[{"start":{"line":50,"column":2},"end":{"line":52,"column":3}},{"start":{},"end":{}}],"line":50},"7":{"loc":{"start":{"line":66,"column":2},"end":{"line":69,"column":3}},"type":"if","locations":[{"start":{"line":66,"column":2},"end":{"line":69,"column":3}},{"start":{},"end":{}}],"line":66}},"s":{"0":3,"1":3,"2":3,"3":3,"4":0,"5":3,"6":3,"7":3,"8":1,"9":1,"10":2,"11":2,"12":3,"13":3,"14":1,"15":1,"16":2,"17":3,"18":0,"19":3,"20":3,"21":1,"22":1,"23":2,"24":3},"f":{"0":3,"1":3,"2":3},"b":{"0":[3,0],"1":[2],"2":[0,3],"3":[1,2],"4":[1,2],"5":[2],"6":[0,3],"7":[1,2]},"_coverageSchema":"1a1c01bbd47fc00a2c39e90264f33305004495a9","hash":"757b94953868ffdd89c42bf5b338e45d731fc855"}
,"/home/kali/Documents/ObraReportAPI/src/controllers/reportController.js": {"path":"/home/kali/Documents/ObraReportAPI/src/controllers/reportController.js","statementMap":{"0":{"start":{"line":1,"column":22},"end":{"line":1,"column":58}},"1":{"start":{"line":4,"column":2},"end":{"line":12,"column":3}},"2":{"start":{"line":5,"column":23},"end":{"line":5,"column":31}},"3":{"start":{"line":6,"column":20},"end":{"line":6,"column":44}},"4":{"start":{"line":7,"column":19},"end":{"line":7,"column":72}},"5":{"start":{"line":8,"column":4},"end":{"line":8,"column":33}},"6":{"start":{"line":10,"column":4},"end":{"line":10,"column":61}},"7":{"start":{"line":11,"column":4},"end":{"line":11,"column":16}},"8":{"start":{"line":16,"column":2},"end":{"line":24,"column":3}},"9":{"start":{"line":17,"column":20},"end":{"line":17,"column":33}},"10":{"start":{"line":18,"column":19},"end":{"line":18,"column":57}},"11":{"start":{"line":19,"column":4},"end":{"line":19,"column":84}},"12":{"start":{"line":19,"column":17},"end":{"line":19,"column":84}},"13":{"start":{"line":20,"column":4},"end":{"line":20,"column":21}},"14":{"start":{"line":22,"column":4},"end":{"line":22,"column":62}},"15":{"start":{"line":23,"column":4},"end":{"line":23,"column":16}},"16":{"start":{"line":28,"column":2},"end":{"line":37,"column":3}},"17":{"start":{"line":29,"column":20},"end":{"line":29,"column":33}},"18":{"start":{"line":30,"column":24},"end":{"line":30,"column":32}},"19":{"start":{"line":31,"column":20},"end":{"line":31,"column":44}},"20":{"start":{"line":32,"column":20},"end":{"line":32,"column":83}},"21":{"start":{"line":33,"column":4},"end":{"line":33,"column":22}},"22":{"start":{"line":35,"column":4},"end":{"line":35,"column":65}},"23":{"start":{"line":36,"column":4},"end":{"line":36,"column":16}},"24":{"start":{"line":40,"column":0},"end":{"line":44,"column":2}}},"fnMap":{"0":{"name":"createReport","decl":{"start":{"line":3,"column":15},"end":{"line":3,"column":27}},"loc":{"start":{"line":3,"column":44},"end":{"line":13,"column":1}},"line":3},"1":{"name":"getReport","decl":{"start":{"line":15,"column":15},"end":{"line":15,"column":24}},"loc":{"start":{"line":15,"column":41},"end":{"line":25,"column":1}},"line":15},"2":{"name":"updateReport","decl":{"start":{"line":27,"column":15},"end":{"line":27,"column":27}},"loc":{"start":{"line":27,"column":44},"end":{"line":38,"column":1}},"line":27}},"branchMap":{"0":{"loc":{"start":{"line":19,"column":4},"end":{"line":19,"column":84}},"type":"if","locations":[{"start":{"line":19,"column":4},"end":{"line":19,"column":84}},{"start":{},"end":{}}],"line":19}},"s":{"0":2,"1":3,"2":3,"3":3,"4":3,"5":2,"6":1,"7":1,"8":3,"9":3,"10":3,"11":3,"12":1,"13":2,"14":0,"15":0,"16":3,"17":3,"18":3,"19":3,"20":3,"21":2,"22":1,"23":1,"24":2},"f":{"0":3,"1":3,"2":3},"b":{"0":[1,2]},"_coverageSchema":"1a1c01bbd47fc00a2c39e90264f33305004495a9","hash":"a8dc245c813ca13fc9d17187bcaabfcfadce0805"}
,"/home/kali/Documents/ObraReportAPI/src/routes/reports.js": {"path":"/home/kali/Documents/ObraReportAPI/src/routes/reports.js","statementMap":{"0":{"start":{"line":1,"column":16},"end":{"line":1,"column":34}},"1":{"start":{"line":2,"column":15},"end":{"line":2,"column":31}},"2":{"start":{"line":3,"column":25},"end":{"line":3,"column":67}},"3":{"start":{"line":6,"column":0},"end":{"line":6,"column":48}},"4":{"start":{"line":9,"column":0},"end":{"line":9,"column":47}},"5":{"start":{"line":12,"column":0},"end":{"line":12,"column":50}},"6":{"start":{"line":14,"column":0},"end":{"line":14,"column":24}}},"fnMap":{},"branchMap":{},"s":{"0":1,"1":1,"2":1,"3":1,"4":1,"5":1,"6":1},"f":{},"b":{},"_coverageSchema":"1a1c01bbd47fc00a2c39e90264f33305004495a9","hash":"729bbd5b8f5aac36d4b82512c092d5a7ba9f7de9"}
,"/home/kali/Documents/ObraReportAPI/src/services/reportService.js": {"path":"/home/kali/Documents/ObraReportAPI/src/services/reportService.js","statementMap":{"0":{"start":{"line":1,"column":23},"end":{"line":1,"column":54}},"1":{"start":{"line":2,"column":15},"end":{"line":2,"column":41}},"2":{"start":{"line":3,"column":23},"end":{"line":3,"column":50}},"3":{"start":{"line":5,"column":21},"end":{"line":5,"column":56}},"4":{"start":{"line":6,"column":24},"end":{"line":6,"column":62}},"5":{"start":{"line":8,"column":20},"end":{"line":11,"column":1}},"6":{"start":{"line":14,"column":2},"end":{"line":30,"column":3}},"7":{"start":{"line":15,"column":4},"end":{"line":18,"column":6}},"8":{"start":{"line":20,"column":4},"end":{"line":20,"column":76}},"9":{"start":{"line":21,"column":4},"end":{"line":29,"column":5}},"10":{"start":{"line":22,"column":6},"end":{"line":25,"column":8}},"11":{"start":{"line":27,"column":6},"end":{"line":27,"column":71}},"12":{"start":{"line":28,"column":6},"end":{"line":28,"column":64}},"13":{"start":{"line":34,"column":18},"end":{"line":34,"column":30}},"14":{"start":{"line":35,"column":18},"end":{"line":35,"column":39}},"15":{"start":{"line":37,"column":22},"end":{"line":37,"column":60}},"16":{"start":{"line":38,"column":24},"end":{"line":38,"column":67}},"17":{"start":{"line":40,"column":18},"end":{"line":40,"column":68}},"18":{"start":{"line":41,"column":20},"end":{"line":41,"column":74}},"19":{"start":{"line":43,"column":2},"end":{"line":43,"column":75}},"20":{"start":{"line":45,"column":37},"end":{"line":45,"column":109}},"21":{"start":{"line":47,"column":21},"end":{"line":47,"column":54}},"22":{"start":{"line":48,"column":18},"end":{"line":53,"column":3}},"23":{"start":{"line":55,"column":2},"end":{"line":55,"column":44}},"24":{"start":{"line":57,"column":2},"end":{"line":61,"column":4}},"25":{"start":{"line":65,"column":18},"end":{"line":65,"column":62}},"26":{"start":{"line":66,"column":2},"end":{"line":66,"column":28}},"27":{"start":{"line":66,"column":16},"end":{"line":66,"column":28}},"28":{"start":{"line":68,"column":19},"end":{"line":68,"column":48}},"29":{"start":{"line":69,"column":2},"end":{"line":69,"column":54}},"30":{"start":{"line":73,"column":18},"end":{"line":73,"column":39}},"31":{"start":{"line":74,"column":18},"end":{"line":74,"column":62}},"32":{"start":{"line":76,"column":2},"end":{"line":76,"column":61}},"33":{"start":{"line":76,"column":16},"end":{"line":76,"column":61}},"34":{"start":{"line":78,"column":18},"end":{"line":78,"column":78}},"35":{"start":{"line":79,"column":23},"end":{"line":79,"column":81}},"36":{"start":{"line":79,"column":58},"end":{"line":79,"column":80}},"37":{"start":{"line":80,"column":20},"end":{"line":80,"column":72}},"38":{"start":{"line":82,"column":23},"end":{"line":85,"column":33}},"39":{"start":{"line":87,"column":2},"end":{"line":87,"column":18}},"40":{"start":{"line":90,"column":0},"end":{"line":94,"column":2}}},"fnMap":{"0":{"name":"tryWithFallback","decl":{"start":{"line":13,"column":15},"end":{"line":13,"column":30}},"loc":{"start":{"line":13,"column":78},"end":{"line":31,"column":1}},"line":13},"1":{"name":"createReport","decl":{"start":{"line":33,"column":15},"end":{"line":33,"column":27}},"loc":{"start":{"line":33,"column":48},"end":{"line":62,"column":1}},"line":33},"2":{"name":"getReport","decl":{"start":{"line":64,"column":15},"end":{"line":64,"column":24}},"loc":{"start":{"line":64,"column":34},"end":{"line":70,"column":1}},"line":64},"3":{"name":"updateReport","decl":{"start":{"line":72,"column":15},"end":{"line":72,"column":27}},"loc":{"start":{"line":72,"column":60},"end":{"line":88,"column":1}},"line":72},"4":{"name":"(anonymous_4)","decl":{"start":{"line":79,"column":53},"end":{"line":79,"column":54}},"loc":{"start":{"line":79,"column":58},"end":{"line":79,"column":80}},"line":79}},"branchMap":{"0":{"loc":{"start":{"line":33,"column":34},"end":{"line":33,"column":46}},"type":"default-arg","locations":[{"start":{"line":33,"column":44},"end":{"line":33,"column":46}}],"line":33},"1":{"loc":{"start":{"line":35,"column":18},"end":{"line":35,"column":39}},"type":"binary-expr","locations":[{"start":{"line":35,"column":18},"end":{"line":35,"column":33}},{"start":{"line":35,"column":37},"end":{"line":35,"column":39}}],"line":35},"2":{"loc":{"start":{"line":37,"column":22},"end":{"line":37,"column":60}},"type":"binary-expr","locations":[{"start":{"line":37,"column":22},"end":{"line":37,"column":50}},{"start":{"line":37,"column":54},"end":{"line":37,"column":60}}],"line":37},"3":{"loc":{"start":{"line":38,"column":24},"end":{"line":38,"column":67}},"type":"binary-expr","locations":[{"start":{"line":38,"column":24},"end":{"line":38,"column":54}},{"start":{"line":38,"column":58},"end":{"line":38,"column":67}}],"line":38},"4":{"loc":{"start":{"line":47,"column":21},"end":{"line":47,"column":54}},"type":"binary-expr","locations":[{"start":{"line":47,"column":21},"end":{"line":47,"column":32}},{"start":{"line":47,"column":36},"end":{"line":47,"column":54}}],"line":47},"5":{"loc":{"start":{"line":66,"column":2},"end":{"line":66,"column":28}},"type":"if","locations":[{"start":{"line":66,"column":2},"end":{"line":66,"column":28}},{"start":{},"end":{}}],"line":66},"6":{"loc":{"start":{"line":72,"column":46},"end":{"line":72,"column":58}},"type":"default-arg","locations":[{"start":{"line":72,"column":56},"end":{"line":72,"column":58}}],"line":72},"7":{"loc":{"start":{"line":73,"column":18},"end":{"line":73,"column":39}},"type":"binary-expr","locations":[{"start":{"line":73,"column":18},"end":{"line":73,"column":33}},{"start":{"line":73,"column":37},"end":{"line":73,"column":39}}],"line":73},"8":{"loc":{"start":{"line":76,"column":2},"end":{"line":76,"column":61}},"type":"if","locations":[{"start":{"line":76,"column":2},"end":{"line":76,"column":61}},{"start":{},"end":{}}],"line":76}},"s":{"0":3,"1":3,"2":3,"3":3,"4":3,"5":3,"6":5,"7":5,"8":2,"9":2,"10":2,"11":1,"12":1,"13":4,"14":4,"15":4,"16":4,"17":4,"18":4,"19":4,"20":4,"21":3,"22":3,"23":3,"24":3,"25":1,"26":1,"27":0,"28":1,"29":1,"30":1,"31":1,"32":1,"33":0,"34":1,"35":1,"36":2,"37":1,"38":1,"39":1,"40":3},"f":{"0":5,"1":4,"2":1,"3":1,"4":2},"b":{"0":[3],"1":[4,3],"2":[4,0],"3":[4,0],"4":[3,0],"5":[0,1],"6":[0],"7":[1,0],"8":[0,1]},"_coverageSchema":"1a1c01bbd47fc00a2c39e90264f33305004495a9","hash":"d261dc1ad034d89b1f03b72ff121d96b1631596c"}
,"/home/kali/Documents/ObraReportAPI/src/storage/lowdb.js": {"path":"/home/kali/Documents/ObraReportAPI/src/storage/lowdb.js","statementMap":{"0":{"start":{"line":1,"column":11},"end":{"line":1,"column":24}},"1":{"start":{"line":2,"column":13},"end":{"line":2,"column":28}},"2":{"start":{"line":3,"column":12},"end":{"line":3,"column":28}},"3":{"start":{"line":4,"column":17},"end":{"line":4,"column":51}},"4":{"start":{"line":6,"column":15},"end":{"line":6,"column":49}},"5":{"start":{"line":9,"column":0},"end":{"line":11,"column":1}},"6":{"start":{"line":10,"column":2},"end":{"line":10,"column":69}},"7":{"start":{"line":13,"column":16},"end":{"line":13,"column":36}},"8":{"start":{"line":14,"column":11},"end":{"line":14,"column":23}},"9":{"start":{"line":16,"column":0},"end":{"line":16,"column":37}},"10":{"start":{"line":18,"column":0},"end":{"line":26,"column":2}},"11":{"start":{"line":20,"column":4},"end":{"line":20,"column":44}},"12":{"start":{"line":24,"column":4},"end":{"line":24,"column":59}}},"fnMap":{"0":{"name":"(anonymous_0)","decl":{"start":{"line":19,"column":2},"end":{"line":19,"column":3}},"loc":{"start":{"line":19,"column":23},"end":{"line":21,"column":3}},"line":19},"1":{"name":"(anonymous_1)","decl":{"start":{"line":23,"column":2},"end":{"line":23,"column":3}},"loc":{"start":{"line":23,"column":26},"end":{"line":25,"column":3}},"line":23}},"branchMap":{"0":{"loc":{"start":{"line":9,"column":0},"end":{"line":11,"column":1}},"type":"if","locations":[{"start":{"line":9,"column":0},"end":{"line":11,"column":1}},{"start":{},"end":{}}],"line":9}},"s":{"0":2,"1":2,"2":2,"3":2,"4":2,"5":2,"6":0,"7":2,"8":2,"9":2,"10":2,"11":1,"12":2},"f":{"0":1,"1":2},"b":{"0":[0,2]},"_coverageSchema":"1a1c01bbd47fc00a2c39e90264f33305004495a9","hash":"42192984b9a8f58d171acc0d5d2a12e18e081e30"}
,"/home/kali/Documents/ObraReportAPI/src/utils/idGenerator.js": {"path":"/home/kali/Documents/ObraReportAPI/src/utils/idGenerator.js","statementMap":{"0":{"start":{"line":1,"column":15},"end":{"line":1,"column":32}},"1":{"start":{"line":4,"column":2},"end":{"line":4,"column":44}},"2":{"start":{"line":7,"column":0},"end":{"line":9,"column":2}}},"fnMap":{"0":{"name":"generateId","decl":{"start":{"line":3,"column":9},"end":{"line":3,"column":19}},"loc":{"start":{"line":3,"column":36},"end":{"line":5,"column":1}},"line":3}},"branchMap":{"0":{"loc":{"start":{"line":3,"column":20},"end":{"line":3,"column":34}},"type":"default-arg","locations":[{"start":{"line":3,"column":29},"end":{"line":3,"column":34}}],"line":3}},"s":{"0":3,"1":4,"2":3},"f":{"0":4},"b":{"0":[4]},"_coverageSchema":"1a1c01bbd47fc00a2c39e90264f33305004495a9","hash":"121265f8cb0fadbd69fadf9ec30f6bd86b8e513b"}
,"/home/kali/Documents/ObraReportAPI/src/utils/logger.js": {"path":"/home/kali/Documents/ObraReportAPI/src/utils/logger.js","statementMap":{"0":{"start":{"line":1,"column":11},"end":{"line":1,"column":24}},"1":{"start":{"line":2,"column":13},"end":{"line":2,"column":28}},"2":{"start":{"line":4,"column":16},"end":{"line":4,"column":57}},"3":{"start":{"line":7,"column":20},"end":{"line":7,"column":44}},"4":{"start":{"line":8,"column":19},"end":{"line":8,"column":59}},"5":{"start":{"line":10,"column":2},"end":{"line":12,"column":3}},"6":{"start":{"line":11,"column":4},"end":{"line":11,"column":45}},"7":{"start":{"line":14,"column":2},"end":{"line":18,"column":5}},"8":{"start":{"line":15,"column":4},"end":{"line":17,"column":5}},"9":{"start":{"line":16,"column":6},"end":{"line":16,"column":51}},"10":{"start":{"line":21,"column":0},"end":{"line":24,"column":2}},"11":{"start":{"line":22,"column":17},"end":{"line":22,"column":38}},"12":{"start":{"line":23,"column":30},"end":{"line":23,"column":57}}},"fnMap":{"0":{"name":"writeLog","decl":{"start":{"line":6,"column":9},"end":{"line":6,"column":17}},"loc":{"start":{"line":6,"column":48},"end":{"line":19,"column":1}},"line":6},"1":{"name":"(anonymous_1)","decl":{"start":{"line":14,"column":37},"end":{"line":14,"column":38}},"loc":{"start":{"line":14,"column":44},"end":{"line":18,"column":3}},"line":14},"2":{"name":"(anonymous_2)","decl":{"start":{"line":22,"column":8},"end":{"line":22,"column":9}},"loc":{"start":{"line":22,"column":17},"end":{"line":22,"column":38}},"line":22},"3":{"name":"(anonymous_3)","decl":{"start":{"line":23,"column":9},"end":{"line":23,"column":10}},"loc":{"start":{"line":23,"column":30},"end":{"line":23,"column":57}},"line":23}},"branchMap":{"0":{"loc":{"start":{"line":6,"column":34},"end":{"line":6,"column":46}},"type":"default-arg","locations":[{"start":{"line":6,"column":42},"end":{"line":6,"column":46}}],"line":6},"1":{"loc":{"start":{"line":10,"column":2},"end":{"line":12,"column":3}},"type":"if","locations":[{"start":{"line":10,"column":2},"end":{"line":12,"column":3}},{"start":{},"end":{}}],"line":10},"2":{"loc":{"start":{"line":10,"column":6},"end":{"line":10,"column":26}},"type":"binary-expr","locations":[{"start":{"line":10,"column":6},"end":{"line":10,"column":11}},{"start":{"line":10,"column":15},"end":{"line":10,"column":26}}],"line":10},"3":{"loc":{"start":{"line":15,"column":4},"end":{"line":17,"column":5}},"type":"if","locations":[{"start":{"line":15,"column":4},"end":{"line":17,"column":5}},{"start":{},"end":{}}],"line":15},"4":{"loc":{"start":{"line":23,"column":15},"end":{"line":23,"column":25}},"type":"default-arg","locations":[{"start":{"line":23,"column":21},"end":{"line":23,"column":25}}],"line":23}},"s":{"0":3,"1":3,"2":3,"3":7,"4":7,"5":7,"6":1,"7":7,"8":1,"9":0,"10":3,"11":6,"12":1},"f":{"0":7,"1":1,"2":6,"3":1},"b":{"0":[6],"1":[1,6],"2":[7,1],"3":[0,1],"4":[0]},"_coverageSchema":"1a1c01bbd47fc00a2c39e90264f33305004495a9","hash":"7932c0c3d78ff67be8ecbddea6c6b95683e267ab"}
}
