TN:
SF:adapters/argelorProvider.js
FN:6,createReport
FN:37,updateReport
FN:63,getReport
FNF:3
FNH:3
FNDA:2,createReport
FNDA:2,updateReport
FNDA:2,getReport
DA:1,3
DA:2,3
DA:4,3
DA:7,2
DA:8,0
DA:11,2
DA:23,2
DA:24,1
DA:25,1
DA:29,1
DA:30,1
DA:38,2
DA:39,0
DA:42,2
DA:54,2
DA:55,1
DA:56,1
DA:59,1
DA:64,2
DA:65,2
DA:66,1
DA:67,1
DA:70,1
DA:73,3
LF:24
LH:22
BRDA:4,0,0,3
BRDA:4,0,1,0
BRDA:6,1,0,2
BRDA:7,2,0,0
BRDA:7,2,1,2
BRDA:23,3,0,1
BRDA:23,3,1,1
BRDA:37,4,0,2
BRDA:38,5,0,0
BRDA:38,5,1,2
BRDA:54,6,0,1
BRDA:54,6,1,1
BRDA:65,7,0,1
BRDA:65,7,1,1
BRF:14
BRH:11
end_of_record
TN:
SF:adapters/vateProvider.js
FN:6,createReport
FN:39,getReport
FN:49,updateReport
FNF:3
FNH:3
FNDA:3,createReport
FNDA:3,getReport
FNDA:3,updateReport
DA:1,3
DA:2,3
DA:4,3
DA:8,3
DA:9,0
DA:12,3
DA:20,3
DA:26,3
DA:27,1
DA:28,1
DA:31,2
DA:32,2
DA:40,3
DA:41,3
DA:42,1
DA:43,1
DA:46,2
DA:50,3
DA:51,0
DA:54,3
DA:66,3
DA:67,1
DA:68,1
DA:71,2
DA:74,3
LF:25
LH:23
BRDA:4,0,0,3
BRDA:4,0,1,0
BRDA:6,1,0,2
BRDA:8,2,0,0
BRDA:8,2,1,3
BRDA:26,3,0,1
BRDA:26,3,1,2
BRDA:41,4,0,1
BRDA:41,4,1,2
BRDA:49,5,0,2
BRDA:50,6,0,0
BRDA:50,6,1,3
BRDA:66,7,0,1
BRDA:66,7,1,2
BRF:14
BRH:11
end_of_record
TN:
SF:controllers/reportController.js
FN:3,createReport
FN:15,getReport
FN:27,updateReport
FNF:3
FNH:3
FNDA:3,createReport
FNDA:3,getReport
FNDA:3,updateReport
DA:1,2
DA:4,3
DA:5,3
DA:6,3
DA:7,3
DA:8,2
DA:10,1
DA:11,1
DA:16,3
DA:17,3
DA:18,3
DA:19,3
DA:20,2
DA:22,0
DA:23,0
DA:28,3
DA:29,3
DA:30,3
DA:31,3
DA:32,3
DA:33,2
DA:35,1
DA:36,1
DA:40,2
LF:24
LH:22
BRDA:19,0,0,1
BRDA:19,0,1,2
BRF:2
BRH:2
end_of_record
TN:
SF:routes/reports.js
FNF:0
FNH:0
DA:1,1
DA:2,1
DA:3,1
DA:6,1
DA:9,1
DA:12,1
DA:14,1
LF:7
LH:7
BRF:0
BRH:0
end_of_record
TN:
SF:services/reportService.js
FN:13,tryWithFallback
FN:33,createReport
FN:64,getReport
FN:72,updateReport
FN:79,(anonymous_4)
FNF:5
FNH:5
FNDA:5,tryWithFallback
FNDA:4,createReport
FNDA:1,getReport
FNDA:1,updateReport
FNDA:2,(anonymous_4)
DA:1,3
DA:2,3
DA:3,3
DA:5,3
DA:6,3
DA:8,3
DA:14,5
DA:15,5
DA:20,2
DA:21,2
DA:22,2
DA:27,1
DA:28,1
DA:34,4
DA:35,4
DA:37,4
DA:38,4
DA:40,4
DA:41,4
DA:43,4
DA:45,4
DA:47,3
DA:48,3
DA:55,3
DA:57,3
DA:65,1
DA:66,1
DA:68,1
DA:69,1
DA:73,1
DA:74,1
DA:76,1
DA:78,1
DA:79,2
DA:80,1
DA:82,1
DA:87,1
DA:90,3
LF:38
LH:38
BRDA:33,0,0,3
BRDA:35,1,0,4
BRDA:35,1,1,3
BRDA:37,2,0,4
BRDA:37,2,1,0
BRDA:38,3,0,4
BRDA:38,3,1,0
BRDA:47,4,0,3
BRDA:47,4,1,0
BRDA:66,5,0,0
BRDA:66,5,1,1
BRDA:72,6,0,0
BRDA:73,7,0,1
BRDA:73,7,1,0
BRDA:76,8,0,0
BRDA:76,8,1,1
BRF:16
BRH:9
end_of_record
TN:
SF:storage/lowdb.js
FN:19,(anonymous_0)
FN:23,(anonymous_1)
FNF:2
FNH:2
FNDA:1,(anonymous_0)
FNDA:2,(anonymous_1)
DA:1,2
DA:2,2
DA:3,2
DA:4,2
DA:6,2
DA:9,2
DA:10,0
DA:13,2
DA:14,2
DA:16,2
DA:18,2
DA:20,1
DA:24,2
LF:13
LH:12
BRDA:9,0,0,0
BRDA:9,0,1,2
BRF:2
BRH:1
end_of_record
TN:
SF:utils/idGenerator.js
FN:3,generateId
FNF:1
FNH:1
FNDA:4,generateId
DA:1,3
DA:4,4
DA:7,3
LF:3
LH:3
BRDA:3,0,0,4
BRF:1
BRH:1
end_of_record
TN:
SF:utils/logger.js
FN:6,writeLog
FN:14,(anonymous_1)
FN:22,(anonymous_2)
FN:23,(anonymous_3)
FNF:4
FNH:4
FNDA:7,writeLog
FNDA:1,(anonymous_1)
FNDA:6,(anonymous_2)
FNDA:1,(anonymous_3)
DA:1,3
DA:2,3
DA:4,3
DA:7,7
DA:8,7
DA:10,7
DA:11,1
DA:14,7
DA:15,1
DA:16,0
DA:21,3
DA:22,6
DA:23,1
LF:13
LH:12
BRDA:6,0,0,6
BRDA:10,1,0,1
BRDA:10,1,1,6
BRDA:10,2,0,7
BRDA:10,2,1,1
BRDA:15,3,0,0
BRDA:15,3,1,1
BRDA:23,4,0,0
BRF:8
BRH:6
end_of_record
