TN:
SF:adapters/argelorProvider.js
FN:6,createReport
FN:34,getReport
FN:44,updateReport
FNF:3
FNH:3
FNDA:2,createReport
FNDA:2,getReport
FNDA:2,updateReport
DA:1,3
DA:2,3
DA:4,3
DA:7,2
DA:15,2
DA:21,2
DA:22,1
DA:23,1
DA:26,1
DA:27,1
DA:35,2
DA:36,2
DA:37,1
DA:38,1
DA:41,1
DA:45,2
DA:53,2
DA:59,2
DA:60,1
DA:61,1
DA:64,1
DA:67,3
LF:22
LH:22
BRDA:4,0,0,3
BRDA:4,0,1,0
BRDA:21,1,0,1
BRDA:21,1,1,1
BRDA:36,2,0,1
BRDA:36,2,1,1
BRDA:59,3,0,1
BRDA:59,3,1,1
BRF:8
BRH:7
end_of_record
TN:
SF:adapters/vateProvider.js
FN:6,createReport
FN:34,getReport
FN:44,updateReport
FNF:3
FNH:3
FNDA:3,createReport
FNDA:3,getReport
FNDA:3,updateReport
DA:1,3
DA:2,3
DA:4,3
DA:7,3
DA:15,3
DA:21,3
DA:22,1
DA:23,1
DA:26,2
DA:27,2
DA:35,3
DA:36,3
DA:37,1
DA:38,1
DA:41,2
DA:45,3
DA:53,3
DA:59,3
DA:60,1
DA:61,1
DA:64,2
DA:67,3
LF:22
LH:22
BRDA:4,0,0,3
BRDA:4,0,1,0
BRDA:21,1,0,1
BRDA:21,1,1,2
BRDA:36,2,0,1
BRDA:36,2,1,2
BRDA:59,3,0,1
BRDA:59,3,1,2
BRF:8
BRH:7
end_of_record
TN:
SF:controllers/reportController.js
FN:3,createReport
FN:14,getReport
FN:26,updateReport
FNF:3
FNH:3
FNDA:3,createReport
FNDA:3,getReport
FNDA:3,updateReport
DA:1,2
DA:4,3
DA:5,3
DA:6,3
DA:7,2
DA:9,1
DA:10,1
DA:15,3
DA:16,3
DA:17,3
DA:18,3
DA:19,2
DA:21,0
DA:22,0
DA:27,3
DA:28,3
DA:29,3
DA:30,3
DA:31,2
DA:33,1
DA:34,1
DA:38,2
LF:22
LH:20
BRDA:18,0,0,1
BRDA:18,0,1,2
BRF:2
BRH:2
end_of_record
TN:
SF:routes/reports.js
FNF:0
FNH:0
DA:1,1
DA:2,1
DA:3,1
DA:6,1
DA:9,1
DA:12,1
DA:14,1
LF:7
LH:7
BRF:0
BRH:0
end_of_record
TN:
SF:services/reportService.js
FN:12,createReport
FN:54,getReport
FN:62,updateReport
FNF:3
FNH:3
FNDA:4,createReport
FNDA:1,getReport
FNDA:1,updateReport
DA:1,3
DA:2,3
DA:4,3
DA:5,3
DA:7,3
DA:13,4
DA:15,4
DA:16,4
DA:18,4
DA:19,4
DA:23,4
DA:24,4
DA:25,2
DA:27,2
DA:28,2
DA:29,2
DA:30,2
DA:31,1
DA:33,1
DA:34,1
DA:38,3
DA:45,3
DA:47,3
DA:55,1
DA:56,1
DA:58,1
DA:59,1
DA:63,1
DA:64,1
DA:66,1
DA:67,1
DA:70,3
LF:32
LH:32
BRDA:15,0,0,4
BRDA:15,0,1,0
BRDA:16,1,0,4
BRDA:16,1,1,0
BRDA:41,2,0,3
BRDA:41,2,1,0
BRDA:56,3,0,0
BRDA:56,3,1,1
BRDA:64,4,0,0
BRDA:64,4,1,1
BRF:10
BRH:5
end_of_record
TN:
SF:storage/lowdb.js
FN:12,(anonymous_0)
FN:16,(anonymous_1)
FNF:2
FNH:2
FNDA:1,(anonymous_0)
FNDA:2,(anonymous_1)
DA:1,2
DA:2,2
DA:3,2
DA:5,2
DA:6,2
DA:7,2
DA:9,2
DA:11,2
DA:13,1
DA:17,2
LF:10
LH:10
BRF:0
BRH:0
end_of_record
TN:
SF:utils/idGenerator.js
FN:3,generateId
FNF:1
FNH:1
FNDA:4,generateId
DA:1,3
DA:4,4
DA:7,3
LF:3
LH:3
BRDA:3,0,0,4
BRF:1
BRH:1
end_of_record
